<?xml version="1.0" encoding="UTF-8"?>
<testsuite xmlns:xsi="http://www.w3.org/2001/XMLSchema-instance" xsi:noNamespaceSchemaLocation="https://maven.apache.org/surefire/maven-surefire-plugin/xsd/surefire-test-report-3.0.xsd" version="3.0" name="com.siddydevelops.Database.repositories.BookRepositoryIntegrationTests" time="2.642" tests="4" errors="0" skipped="0" failures="0">
  <properties>
[...]
</properties>
  <testcase name="testThatBookCanBeUpdated" classname="com.siddydevelops.Database.repositories.BookRepositoryIntegrationTests" time="0.07">
    <system-out><![CDATA[2024-01-03T15:32:34.697+05:30  INFO 23016 --- [           main] t.c.s.AnnotationConfigContextLoaderUtils : Could not detect default configuration classes for test class [com.siddydevelops.Database.repositories.BookRepositoryIntegrationTests]: BookRepositoryIntegrationTests does not declare any static, non-private, non-final, nested classes annotated with @Configuration.
2024-01-03T15:32:34.702+05:30  INFO 23016 --- [           main] .b.t.c.SpringBootTestContextBootstrapper : Found @SpringBootConfiguration com.siddydevelops.Database.DatabaseApplication for test class com.siddydevelops.Database.repositories.BookRepositoryIntegrationTests

  .   ____          _            __ _ _
 /\\ / ___'_ __ _ _(_)_ __  __ _ \ \ \ \
( ( )\___ | '_ | '_| | '_ \/ _` | \ \ \ \
 \\/  ___)| |_)| | | | | || (_| |  ) ) ) )
  '  |____| .__|_| |_|_| |_\__, | / / / /
 =========|_|==============|___/=/_/_/_/
 :: Spring Boot ::                (v3.2.1)

2024-01-03T15:32:34.774+05:30  INFO 23016 --- [           main] c.s.D.r.BookRepositoryIntegrationTests   : Starting BookRepositoryIntegrationTests using Java 17.0.9 with PID 23016 (started by siddh in C:\Users\siddh\IdeaProjects\Database - JPA)
2024-01-03T15:32:34.774+05:30  INFO 23016 --- [           main] c.s.D.r.BookRepositoryIntegrationTests   : No active profile set, falling back to 1 default profile: "default"
2024-01-03T15:32:34.980+05:30  INFO 23016 --- [           main] .s.d.r.c.RepositoryConfigurationDelegate : Bootstrapping Spring Data JPA repositories in DEFAULT mode.
2024-01-03T15:32:34.998+05:30  INFO 23016 --- [           main] .s.d.r.c.RepositoryConfigurationDelegate : Finished Spring Data repository scanning in 18 ms. Found 2 JPA repository interfaces.
2024-01-03T15:32:35.098+05:30  INFO 23016 --- [           main] com.zaxxer.hikari.HikariDataSource       : HikariPool-5 - Starting...
2024-01-03T15:32:35.102+05:30  INFO 23016 --- [           main] com.zaxxer.hikari.pool.HikariPool        : HikariPool-5 - Added connection conn40: url=jdbc:h2:mem:testdb user=SA
2024-01-03T15:32:35.103+05:30  INFO 23016 --- [           main] com.zaxxer.hikari.HikariDataSource       : HikariPool-5 - Start completed.
2024-01-03T15:32:35.105+05:30  INFO 23016 --- [           main] o.hibernate.jpa.internal.util.LogHelper  : HHH000204: Processing PersistenceUnitInfo [name: default]
2024-01-03T15:32:35.111+05:30  INFO 23016 --- [           main] o.h.c.internal.RegionFactoryInitiator    : HHH000026: Second-level cache disabled
2024-01-03T15:32:35.122+05:30  INFO 23016 --- [           main] o.s.o.j.p.SpringPersistenceUnitInfo      : No LoadTimeWeaver setup: ignoring JPA class transformer
2024-01-03T15:32:35.204+05:30  INFO 23016 --- [           main] o.h.e.t.j.p.i.JtaPlatformInitiator       : HHH000489: No JTA platform available (set 'hibernate.transaction.jta.platform' to enable JTA platform integration)
2024-01-03T15:32:35.213+05:30  INFO 23016 --- [           main] j.LocalContainerEntityManagerFactoryBean : Initialized JPA EntityManagerFactory for persistence unit 'default'
2024-01-03T15:32:35.324+05:30  INFO 23016 --- [           main] c.s.D.r.BookRepositoryIntegrationTests   : Started BookRepositoryIntegrationTests in 0.608 seconds (process running for 14.029)
2024-01-03T15:32:35.369+05:30  INFO 23016 --- [           main] j.LocalContainerEntityManagerFactoryBean : Closing JPA EntityManagerFactory for persistence unit 'default'
2024-01-03T15:32:35.372+05:30  INFO 23016 --- [           main] com.zaxxer.hikari.HikariDataSource       : HikariPool-5 - Shutdown initiated...
2024-01-03T15:32:35.397+05:30  INFO 23016 --- [           main] com.zaxxer.hikari.HikariDataSource       : HikariPool-5 - Shutdown completed.
]]></system-out>
  </testcase>
  <testcase name="testThatBookCanBeCreatedAndRecalled" classname="com.siddydevelops.Database.repositories.BookRepositoryIntegrationTests" time="0.04">
    <system-out><![CDATA[
  .   ____          _            __ _ _
 /\\ / ___'_ __ _ _(_)_ __  __ _ \ \ \ \
( ( )\___ | '_ | '_| | '_ \/ _` | \ \ \ \
 \\/  ___)| |_)| | | | | || (_| |  ) ) ) )
  '  |____| .__|_| |_|_| |_\__, | / / / /
 =========|_|==============|___/=/_/_/_/
 :: Spring Boot ::                (v3.2.1)

2024-01-03T15:32:35.451+05:30  INFO 23016 --- [           main] c.s.D.r.BookRepositoryIntegrationTests   : Starting BookRepositoryIntegrationTests using Java 17.0.9 with PID 23016 (started by siddh in C:\Users\siddh\IdeaProjects\Database - JPA)
2024-01-03T15:32:35.452+05:30  INFO 23016 --- [           main] c.s.D.r.BookRepositoryIntegrationTests   : No active profile set, falling back to 1 default profile: "default"
2024-01-03T15:32:35.602+05:30  INFO 23016 --- [           main] .s.d.r.c.RepositoryConfigurationDelegate : Bootstrapping Spring Data JPA repositories in DEFAULT mode.
2024-01-03T15:32:35.616+05:30  INFO 23016 --- [           main] .s.d.r.c.RepositoryConfigurationDelegate : Finished Spring Data repository scanning in 13 ms. Found 2 JPA repository interfaces.
2024-01-03T15:32:35.696+05:30  INFO 23016 --- [           main] com.zaxxer.hikari.HikariDataSource       : HikariPool-6 - Starting...
2024-01-03T15:32:35.701+05:30  INFO 23016 --- [           main] com.zaxxer.hikari.pool.HikariPool        : HikariPool-6 - Added connection conn50: url=jdbc:h2:mem:testdb user=SA
2024-01-03T15:32:35.701+05:30  INFO 23016 --- [           main] com.zaxxer.hikari.HikariDataSource       : HikariPool-6 - Start completed.
2024-01-03T15:32:35.704+05:30  INFO 23016 --- [           main] o.hibernate.jpa.internal.util.LogHelper  : HHH000204: Processing PersistenceUnitInfo [name: default]
2024-01-03T15:32:35.711+05:30  INFO 23016 --- [           main] o.h.c.internal.RegionFactoryInitiator    : HHH000026: Second-level cache disabled
2024-01-03T15:32:35.721+05:30  INFO 23016 --- [           main] o.s.o.j.p.SpringPersistenceUnitInfo      : No LoadTimeWeaver setup: ignoring JPA class transformer
2024-01-03T15:32:35.801+05:30  INFO 23016 --- [           main] o.h.e.t.j.p.i.JtaPlatformInitiator       : HHH000489: No JTA platform available (set 'hibernate.transaction.jta.platform' to enable JTA platform integration)
2024-01-03T15:32:35.812+05:30  INFO 23016 --- [           main] j.LocalContainerEntityManagerFactoryBean : Initialized JPA EntityManagerFactory for persistence unit 'default'
2024-01-03T15:32:35.955+05:30  INFO 23016 --- [           main] c.s.D.r.BookRepositoryIntegrationTests   : Started BookRepositoryIntegrationTests in 0.553 seconds (process running for 14.661)
2024-01-03T15:32:35.988+05:30  INFO 23016 --- [           main] j.LocalContainerEntityManagerFactoryBean : Closing JPA EntityManagerFactory for persistence unit 'default'
2024-01-03T15:32:35.995+05:30  INFO 23016 --- [           main] com.zaxxer.hikari.HikariDataSource       : HikariPool-6 - Shutdown initiated...
2024-01-03T15:32:36.000+05:30  INFO 23016 --- [           main] com.zaxxer.hikari.HikariDataSource       : HikariPool-6 - Shutdown completed.
]]></system-out>
  </testcase>
  <testcase name="testThatBookCanBeDeleted" classname="com.siddydevelops.Database.repositories.BookRepositoryIntegrationTests" time="0.034">
    <system-out><![CDATA[
  .   ____          _            __ _ _
 /\\ / ___'_ __ _ _(_)_ __  __ _ \ \ \ \
( ( )\___ | '_ | '_| | '_ \/ _` | \ \ \ \
 \\/  ___)| |_)| | | | | || (_| |  ) ) ) )
  '  |____| .__|_| |_|_| |_\__, | / / / /
 =========|_|==============|___/=/_/_/_/
 :: Spring Boot ::                (v3.2.1)

2024-01-03T15:32:36.066+05:30  INFO 23016 --- [           main] c.s.D.r.BookRepositoryIntegrationTests   : Starting BookRepositoryIntegrationTests using Java 17.0.9 with PID 23016 (started by siddh in C:\Users\siddh\IdeaProjects\Database - JPA)
2024-01-03T15:32:36.066+05:30  INFO 23016 --- [           main] c.s.D.r.BookRepositoryIntegrationTests   : No active profile set, falling back to 1 default profile: "default"
2024-01-03T15:32:36.201+05:30  INFO 23016 --- [           main] .s.d.r.c.RepositoryConfigurationDelegate : Bootstrapping Spring Data JPA repositories in DEFAULT mode.
2024-01-03T15:32:36.216+05:30  INFO 23016 --- [           main] .s.d.r.c.RepositoryConfigurationDelegate : Finished Spring Data repository scanning in 15 ms. Found 2 JPA repository interfaces.
2024-01-03T15:32:36.320+05:30  INFO 23016 --- [           main] com.zaxxer.hikari.HikariDataSource       : HikariPool-7 - Starting...
2024-01-03T15:32:36.324+05:30  INFO 23016 --- [           main] com.zaxxer.hikari.pool.HikariPool        : HikariPool-7 - Added connection conn60: url=jdbc:h2:mem:testdb user=SA
2024-01-03T15:32:36.325+05:30  INFO 23016 --- [           main] com.zaxxer.hikari.HikariDataSource       : HikariPool-7 - Start completed.
2024-01-03T15:32:36.328+05:30  INFO 23016 --- [           main] o.hibernate.jpa.internal.util.LogHelper  : HHH000204: Processing PersistenceUnitInfo [name: default]
2024-01-03T15:32:36.335+05:30  INFO 23016 --- [           main] o.h.c.internal.RegionFactoryInitiator    : HHH000026: Second-level cache disabled
2024-01-03T15:32:36.345+05:30  INFO 23016 --- [           main] o.s.o.j.p.SpringPersistenceUnitInfo      : No LoadTimeWeaver setup: ignoring JPA class transformer
2024-01-03T15:32:36.424+05:30  INFO 23016 --- [           main] o.h.e.t.j.p.i.JtaPlatformInitiator       : HHH000489: No JTA platform available (set 'hibernate.transaction.jta.platform' to enable JTA platform integration)
2024-01-03T15:32:36.431+05:30  INFO 23016 --- [           main] j.LocalContainerEntityManagerFactoryBean : Initialized JPA EntityManagerFactory for persistence unit 'default'
2024-01-03T15:32:36.575+05:30  INFO 23016 --- [           main] c.s.D.r.BookRepositoryIntegrationTests   : Started BookRepositoryIntegrationTests in 0.569 seconds (process running for 15.281)
2024-01-03T15:32:36.601+05:30  INFO 23016 --- [           main] j.LocalContainerEntityManagerFactoryBean : Closing JPA EntityManagerFactory for persistence unit 'default'
2024-01-03T15:32:36.603+05:30  INFO 23016 --- [           main] com.zaxxer.hikari.HikariDataSource       : HikariPool-7 - Shutdown initiated...
2024-01-03T15:32:36.611+05:30  INFO 23016 --- [           main] com.zaxxer.hikari.HikariDataSource       : HikariPool-7 - Shutdown completed.
]]></system-out>
  </testcase>
  <testcase name="testThatMultipleBooksCanBeCreatedAndRecalled" classname="com.siddydevelops.Database.repositories.BookRepositoryIntegrationTests" time="0.082">
    <system-out><![CDATA[
  .   ____          _            __ _ _
 /\\ / ___'_ __ _ _(_)_ __  __ _ \ \ \ \
( ( )\___ | '_ | '_| | '_ \/ _` | \ \ \ \
 \\/  ___)| |_)| | | | | || (_| |  ) ) ) )
  '  |____| .__|_| |_|_| |_\__, | / / / /
 =========|_|==============|___/=/_/_/_/
 :: Spring Boot ::                (v3.2.1)

2024-01-03T15:32:36.668+05:30  INFO 23016 --- [           main] c.s.D.r.BookRepositoryIntegrationTests   : Starting BookRepositoryIntegrationTests using Java 17.0.9 with PID 23016 (started by siddh in C:\Users\siddh\IdeaProjects\Database - JPA)
2024-01-03T15:32:36.668+05:30  INFO 23016 --- [           main] c.s.D.r.BookRepositoryIntegrationTests   : No active profile set, falling back to 1 default profile: "default"
2024-01-03T15:32:36.864+05:30  INFO 23016 --- [           main] .s.d.r.c.RepositoryConfigurationDelegate : Bootstrapping Spring Data JPA repositories in DEFAULT mode.
2024-01-03T15:32:36.881+05:30  INFO 23016 --- [           main] .s.d.r.c.RepositoryConfigurationDelegate : Finished Spring Data repository scanning in 16 ms. Found 2 JPA repository interfaces.
2024-01-03T15:32:36.986+05:30  INFO 23016 --- [           main] com.zaxxer.hikari.HikariDataSource       : HikariPool-8 - Starting...
2024-01-03T15:32:36.991+05:30  INFO 23016 --- [           main] com.zaxxer.hikari.pool.HikariPool        : HikariPool-8 - Added connection conn70: url=jdbc:h2:mem:testdb user=SA
2024-01-03T15:32:36.992+05:30  INFO 23016 --- [           main] com.zaxxer.hikari.HikariDataSource       : HikariPool-8 - Start completed.
2024-01-03T15:32:36.995+05:30  INFO 23016 --- [           main] o.hibernate.jpa.internal.util.LogHelper  : HHH000204: Processing PersistenceUnitInfo [name: default]
2024-01-03T15:32:37.003+05:30  INFO 23016 --- [           main] o.h.c.internal.RegionFactoryInitiator    : HHH000026: Second-level cache disabled
2024-01-03T15:32:37.015+05:30  INFO 23016 --- [           main] o.s.o.j.p.SpringPersistenceUnitInfo      : No LoadTimeWeaver setup: ignoring JPA class transformer
2024-01-03T15:32:37.109+05:30  INFO 23016 --- [           main] o.h.e.t.j.p.i.JtaPlatformInitiator       : HHH000489: No JTA platform available (set 'hibernate.transaction.jta.platform' to enable JTA platform integration)
2024-01-03T15:32:37.121+05:30  INFO 23016 --- [           main] j.LocalContainerEntityManagerFactoryBean : Initialized JPA EntityManagerFactory for persistence unit 'default'
2024-01-03T15:32:37.245+05:30  INFO 23016 --- [           main] c.s.D.r.BookRepositoryIntegrationTests   : Started BookRepositoryIntegrationTests in 0.628 seconds (process running for 15.949)
2024-01-03T15:32:37.320+05:30  INFO 23016 --- [           main] j.LocalContainerEntityManagerFactoryBean : Closing JPA EntityManagerFactory for persistence unit 'default'
2024-01-03T15:32:37.325+05:30  INFO 23016 --- [           main] com.zaxxer.hikari.HikariDataSource       : HikariPool-8 - Shutdown initiated...
2024-01-03T15:32:37.332+05:30  INFO 23016 --- [           main] com.zaxxer.hikari.HikariDataSource       : HikariPool-8 - Shutdown completed.
]]></system-out>
  </testcase>
</testsuite>