<?xml version="1.0" encoding="UTF-8"?>
<testsuite xmlns:xsi="http://www.w3.org/2001/XMLSchema-instance" xsi:noNamespaceSchemaLocation="https://maven.apache.org/surefire/maven-surefire-plugin/xsd/surefire-test-report-3.0.xsd" version="3.0" name="com.siddydevelops.Database.controllers.AuthorControllerIntegrationTests" time="10.966" tests="10" errors="0" skipped="0" failures="0">
  <properties>
[...]
</properties>
  <testcase name="testThatFullUpdateAuthorSuccessfullyReturnsHttp404WhenAuthorDoesNotExists" classname="com.siddydevelops.Database.controllers.AuthorControllerIntegrationTests" time="1.303">
    <system-out><![CDATA[2024-01-03T22:32:08.599+05:30  INFO 18436 --- [           main] t.c.s.AnnotationConfigContextLoaderUtils : Could not detect default configuration classes for test class [com.siddydevelops.Database.controllers.AuthorControllerIntegrationTests]: AuthorControllerIntegrationTests does not declare any static, non-private, non-final, nested classes annotated with @Configuration.
2024-01-03T22:32:08.690+05:30  INFO 18436 --- [           main] .b.t.c.SpringBootTestContextBootstrapper : Found @SpringBootConfiguration com.siddydevelops.Database.BooksApiApplication for test class com.siddydevelops.Database.controllers.AuthorControllerIntegrationTests

  .   ____          _            __ _ _
 /\\ / ___'_ __ _ _(_)_ __  __ _ \ \ \ \
( ( )\___ | '_ | '_| | '_ \/ _` | \ \ \ \
 \\/  ___)| |_)| | | | | || (_| |  ) ) ) )
  '  |____| .__|_| |_|_| |_\__, | / / / /
 =========|_|==============|___/=/_/_/_/
 :: Spring Boot ::                (v3.2.1)

2024-01-03T22:32:08.787+05:30  INFO 18436 --- [           main] c.s.D.c.AuthorControllerIntegrationTests : Starting AuthorControllerIntegrationTests using Java 17.0.9 with PID 18436 (started by siddh in C:\Users\siddh\IdeaProjects\Database\Database - JPA)
2024-01-03T22:32:08.788+05:30  INFO 18436 --- [           main] c.s.D.c.AuthorControllerIntegrationTests : No active profile set, falling back to 1 default profile: "default"
2024-01-03T22:32:09.230+05:30  INFO 18436 --- [           main] .s.d.r.c.RepositoryConfigurationDelegate : Bootstrapping Spring Data JPA repositories in DEFAULT mode.
2024-01-03T22:32:09.263+05:30  INFO 18436 --- [           main] .s.d.r.c.RepositoryConfigurationDelegate : Finished Spring Data repository scanning in 33 ms. Found 2 JPA repository interfaces.
2024-01-03T22:32:09.465+05:30  INFO 18436 --- [           main] com.zaxxer.hikari.HikariDataSource       : HikariPool-2 - Starting...
2024-01-03T22:32:09.466+05:30  INFO 18436 --- [           main] com.zaxxer.hikari.pool.HikariPool        : HikariPool-2 - Added connection conn10: url=jdbc:h2:mem:testdb user=SA
2024-01-03T22:32:09.467+05:30  INFO 18436 --- [           main] com.zaxxer.hikari.HikariDataSource       : HikariPool-2 - Start completed.
2024-01-03T22:32:09.470+05:30  INFO 18436 --- [           main] o.hibernate.jpa.internal.util.LogHelper  : HHH000204: Processing PersistenceUnitInfo [name: default]
2024-01-03T22:32:09.478+05:30  INFO 18436 --- [           main] o.h.c.internal.RegionFactoryInitiator    : HHH000026: Second-level cache disabled
2024-01-03T22:32:09.485+05:30  INFO 18436 --- [           main] o.s.o.j.p.SpringPersistenceUnitInfo      : No LoadTimeWeaver setup: ignoring JPA class transformer
2024-01-03T22:32:09.577+05:30  INFO 18436 --- [           main] o.h.e.t.j.p.i.JtaPlatformInitiator       : HHH000489: No JTA platform available (set 'hibernate.transaction.jta.platform' to enable JTA platform integration)
2024-01-03T22:32:09.589+05:30  INFO 18436 --- [           main] j.LocalContainerEntityManagerFactoryBean : Initialized JPA EntityManagerFactory for persistence unit 'default'
2024-01-03T22:32:09.733+05:30  WARN 18436 --- [           main] JpaBaseConfiguration$JpaWebConfiguration : spring.jpa.open-in-view is enabled by default. Therefore, database queries may be performed during view rendering. Explicitly configure spring.jpa.open-in-view to disable this warning
2024-01-03T22:32:09.965+05:30  INFO 18436 --- [           main] o.s.b.t.m.w.SpringBootMockServletContext : Initializing Spring TestDispatcherServlet ''
2024-01-03T22:32:09.965+05:30  INFO 18436 --- [           main] o.s.t.web.servlet.TestDispatcherServlet  : Initializing Servlet ''
2024-01-03T22:32:09.971+05:30  INFO 18436 --- [           main] o.s.t.web.servlet.TestDispatcherServlet  : Completed initialization in 2 ms
2024-01-03T22:32:09.987+05:30  INFO 18436 --- [           main] c.s.D.c.AuthorControllerIntegrationTests : Started AuthorControllerIntegrationTests in 1.273 seconds (process running for 14.851)
2024-01-03T22:32:11.288+05:30  INFO 18436 --- [           main] j.LocalContainerEntityManagerFactoryBean : Closing JPA EntityManagerFactory for persistence unit 'default'
2024-01-03T22:32:11.295+05:30  INFO 18436 --- [           main] com.zaxxer.hikari.HikariDataSource       : HikariPool-2 - Shutdown initiated...
2024-01-03T22:32:11.299+05:30  INFO 18436 --- [           main] com.zaxxer.hikari.HikariDataSource       : HikariPool-2 - Shutdown completed.
]]></system-out>
  </testcase>
  <testcase name="testThatGetUpdatedAuthorWhenAuthorExists" classname="com.siddydevelops.Database.controllers.AuthorControllerIntegrationTests" time="0.299">
    <system-out><![CDATA[
  .   ____          _            __ _ _
 /\\ / ___'_ __ _ _(_)_ __  __ _ \ \ \ \
( ( )\___ | '_ | '_| | '_ \/ _` | \ \ \ \
 \\/  ___)| |_)| | | | | || (_| |  ) ) ) )
  '  |____| .__|_| |_|_| |_\__, | / / / /
 =========|_|==============|___/=/_/_/_/
 :: Spring Boot ::                (v3.2.1)

2024-01-03T22:32:11.367+05:30  INFO 18436 --- [           main] c.s.D.c.AuthorControllerIntegrationTests : Starting AuthorControllerIntegrationTests using Java 17.0.9 with PID 18436 (started by siddh in C:\Users\siddh\IdeaProjects\Database\Database - JPA)
2024-01-03T22:32:11.367+05:30  INFO 18436 --- [           main] c.s.D.c.AuthorControllerIntegrationTests : No active profile set, falling back to 1 default profile: "default"
2024-01-03T22:32:11.670+05:30  INFO 18436 --- [           main] .s.d.r.c.RepositoryConfigurationDelegate : Bootstrapping Spring Data JPA repositories in DEFAULT mode.
2024-01-03T22:32:11.696+05:30  INFO 18436 --- [           main] .s.d.r.c.RepositoryConfigurationDelegate : Finished Spring Data repository scanning in 24 ms. Found 2 JPA repository interfaces.
2024-01-03T22:32:11.846+05:30  INFO 18436 --- [           main] com.zaxxer.hikari.HikariDataSource       : HikariPool-3 - Starting...
2024-01-03T22:32:11.847+05:30  INFO 18436 --- [           main] com.zaxxer.hikari.pool.HikariPool        : HikariPool-3 - Added connection conn20: url=jdbc:h2:mem:testdb user=SA
2024-01-03T22:32:11.848+05:30  INFO 18436 --- [           main] com.zaxxer.hikari.HikariDataSource       : HikariPool-3 - Start completed.
2024-01-03T22:32:11.851+05:30  INFO 18436 --- [           main] o.hibernate.jpa.internal.util.LogHelper  : HHH000204: Processing PersistenceUnitInfo [name: default]
2024-01-03T22:32:11.858+05:30  INFO 18436 --- [           main] o.h.c.internal.RegionFactoryInitiator    : HHH000026: Second-level cache disabled
2024-01-03T22:32:11.868+05:30  INFO 18436 --- [           main] o.s.o.j.p.SpringPersistenceUnitInfo      : No LoadTimeWeaver setup: ignoring JPA class transformer
2024-01-03T22:32:11.941+05:30  INFO 18436 --- [           main] o.h.e.t.j.p.i.JtaPlatformInitiator       : HHH000489: No JTA platform available (set 'hibernate.transaction.jta.platform' to enable JTA platform integration)
2024-01-03T22:32:11.948+05:30  INFO 18436 --- [           main] j.LocalContainerEntityManagerFactoryBean : Initialized JPA EntityManagerFactory for persistence unit 'default'
2024-01-03T22:32:12.070+05:30  WARN 18436 --- [           main] JpaBaseConfiguration$JpaWebConfiguration : spring.jpa.open-in-view is enabled by default. Therefore, database queries may be performed during view rendering. Explicitly configure spring.jpa.open-in-view to disable this warning
2024-01-03T22:32:12.257+05:30  INFO 18436 --- [           main] o.s.b.t.m.w.SpringBootMockServletContext : Initializing Spring TestDispatcherServlet ''
2024-01-03T22:32:12.257+05:30  INFO 18436 --- [           main] o.s.t.web.servlet.TestDispatcherServlet  : Initializing Servlet ''
2024-01-03T22:32:12.258+05:30  INFO 18436 --- [           main] o.s.t.web.servlet.TestDispatcherServlet  : Completed initialization in 1 ms
2024-01-03T22:32:12.270+05:30  INFO 18436 --- [           main] c.s.D.c.AuthorControllerIntegrationTests : Started AuthorControllerIntegrationTests in 0.965 seconds (process running for 17.134)
2024-01-03T22:32:12.568+05:30  INFO 18436 --- [           main] j.LocalContainerEntityManagerFactoryBean : Closing JPA EntityManagerFactory for persistence unit 'default'
2024-01-03T22:32:12.571+05:30  INFO 18436 --- [           main] com.zaxxer.hikari.HikariDataSource       : HikariPool-3 - Shutdown initiated...
2024-01-03T22:32:12.573+05:30  INFO 18436 --- [           main] com.zaxxer.hikari.HikariDataSource       : HikariPool-3 - Shutdown completed.
]]></system-out>
  </testcase>
  <testcase name="testThatCreateAuthorSuccessfullyReturnsHttp201Created" classname="com.siddydevelops.Database.controllers.AuthorControllerIntegrationTests" time="0.048">
    <system-out><![CDATA[
  .   ____          _            __ _ _
 /\\ / ___'_ __ _ _(_)_ __  __ _ \ \ \ \
( ( )\___ | '_ | '_| | '_ \/ _` | \ \ \ \
 \\/  ___)| |_)| | | | | || (_| |  ) ) ) )
  '  |____| .__|_| |_|_| |_\__, | / / / /
 =========|_|==============|___/=/_/_/_/
 :: Spring Boot ::                (v3.2.1)

2024-01-03T22:32:12.615+05:30  INFO 18436 --- [           main] c.s.D.c.AuthorControllerIntegrationTests : Starting AuthorControllerIntegrationTests using Java 17.0.9 with PID 18436 (started by siddh in C:\Users\siddh\IdeaProjects\Database\Database - JPA)
2024-01-03T22:32:12.616+05:30  INFO 18436 --- [           main] c.s.D.c.AuthorControllerIntegrationTests : No active profile set, falling back to 1 default profile: "default"
2024-01-03T22:32:12.876+05:30  INFO 18436 --- [           main] .s.d.r.c.RepositoryConfigurationDelegate : Bootstrapping Spring Data JPA repositories in DEFAULT mode.
2024-01-03T22:32:12.897+05:30  INFO 18436 --- [           main] .s.d.r.c.RepositoryConfigurationDelegate : Finished Spring Data repository scanning in 20 ms. Found 2 JPA repository interfaces.
2024-01-03T22:32:13.035+05:30  INFO 18436 --- [           main] com.zaxxer.hikari.HikariDataSource       : HikariPool-4 - Starting...
2024-01-03T22:32:13.037+05:30  INFO 18436 --- [           main] com.zaxxer.hikari.pool.HikariPool        : HikariPool-4 - Added connection conn30: url=jdbc:h2:mem:testdb user=SA
2024-01-03T22:32:13.037+05:30  INFO 18436 --- [           main] com.zaxxer.hikari.HikariDataSource       : HikariPool-4 - Start completed.
2024-01-03T22:32:13.039+05:30  INFO 18436 --- [           main] o.hibernate.jpa.internal.util.LogHelper  : HHH000204: Processing PersistenceUnitInfo [name: default]
2024-01-03T22:32:13.044+05:30  INFO 18436 --- [           main] o.h.c.internal.RegionFactoryInitiator    : HHH000026: Second-level cache disabled
2024-01-03T22:32:13.050+05:30  INFO 18436 --- [           main] o.s.o.j.p.SpringPersistenceUnitInfo      : No LoadTimeWeaver setup: ignoring JPA class transformer
2024-01-03T22:32:13.130+05:30  INFO 18436 --- [           main] o.h.e.t.j.p.i.JtaPlatformInitiator       : HHH000489: No JTA platform available (set 'hibernate.transaction.jta.platform' to enable JTA platform integration)
2024-01-03T22:32:13.137+05:30  INFO 18436 --- [           main] j.LocalContainerEntityManagerFactoryBean : Initialized JPA EntityManagerFactory for persistence unit 'default'
2024-01-03T22:32:13.232+05:30  WARN 18436 --- [           main] JpaBaseConfiguration$JpaWebConfiguration : spring.jpa.open-in-view is enabled by default. Therefore, database queries may be performed during view rendering. Explicitly configure spring.jpa.open-in-view to disable this warning
2024-01-03T22:32:13.399+05:30  INFO 18436 --- [           main] o.s.b.t.m.w.SpringBootMockServletContext : Initializing Spring TestDispatcherServlet ''
2024-01-03T22:32:13.399+05:30  INFO 18436 --- [           main] o.s.t.web.servlet.TestDispatcherServlet  : Initializing Servlet ''
2024-01-03T22:32:13.400+05:30  INFO 18436 --- [           main] o.s.t.web.servlet.TestDispatcherServlet  : Completed initialization in 1 ms
2024-01-03T22:32:13.410+05:30  INFO 18436 --- [           main] c.s.D.c.AuthorControllerIntegrationTests : Started AuthorControllerIntegrationTests in 0.834 seconds (process running for 18.274)
2024-01-03T22:32:13.451+05:30  INFO 18436 --- [           main] j.LocalContainerEntityManagerFactoryBean : Closing JPA EntityManagerFactory for persistence unit 'default'
2024-01-03T22:32:13.457+05:30  INFO 18436 --- [           main] com.zaxxer.hikari.HikariDataSource       : HikariPool-4 - Shutdown initiated...
2024-01-03T22:32:13.461+05:30  INFO 18436 --- [           main] com.zaxxer.hikari.HikariDataSource       : HikariPool-4 - Shutdown completed.
]]></system-out>
  </testcase>
  <testcase name="testThatListAuthorSuccessfullyListOfAuthors" classname="com.siddydevelops.Database.controllers.AuthorControllerIntegrationTests" time="0.095">
    <system-out><![CDATA[
  .   ____          _            __ _ _
 /\\ / ___'_ __ _ _(_)_ __  __ _ \ \ \ \
( ( )\___ | '_ | '_| | '_ \/ _` | \ \ \ \
 \\/  ___)| |_)| | | | | || (_| |  ) ) ) )
  '  |____| .__|_| |_|_| |_\__, | / / / /
 =========|_|==============|___/=/_/_/_/
 :: Spring Boot ::                (v3.2.1)

2024-01-03T22:32:13.513+05:30  INFO 18436 --- [           main] c.s.D.c.AuthorControllerIntegrationTests : Starting AuthorControllerIntegrationTests using Java 17.0.9 with PID 18436 (started by siddh in C:\Users\siddh\IdeaProjects\Database\Database - JPA)
2024-01-03T22:32:13.514+05:30  INFO 18436 --- [           main] c.s.D.c.AuthorControllerIntegrationTests : No active profile set, falling back to 1 default profile: "default"
2024-01-03T22:32:13.773+05:30  INFO 18436 --- [           main] .s.d.r.c.RepositoryConfigurationDelegate : Bootstrapping Spring Data JPA repositories in DEFAULT mode.
2024-01-03T22:32:13.793+05:30  INFO 18436 --- [           main] .s.d.r.c.RepositoryConfigurationDelegate : Finished Spring Data repository scanning in 19 ms. Found 2 JPA repository interfaces.
2024-01-03T22:32:13.902+05:30  INFO 18436 --- [           main] com.zaxxer.hikari.HikariDataSource       : HikariPool-5 - Starting...
2024-01-03T22:32:13.903+05:30  INFO 18436 --- [           main] com.zaxxer.hikari.pool.HikariPool        : HikariPool-5 - Added connection conn40: url=jdbc:h2:mem:testdb user=SA
2024-01-03T22:32:13.903+05:30  INFO 18436 --- [           main] com.zaxxer.hikari.HikariDataSource       : HikariPool-5 - Start completed.
2024-01-03T22:32:13.905+05:30  INFO 18436 --- [           main] o.hibernate.jpa.internal.util.LogHelper  : HHH000204: Processing PersistenceUnitInfo [name: default]
2024-01-03T22:32:13.913+05:30  INFO 18436 --- [           main] o.h.c.internal.RegionFactoryInitiator    : HHH000026: Second-level cache disabled
2024-01-03T22:32:13.922+05:30  INFO 18436 --- [           main] o.s.o.j.p.SpringPersistenceUnitInfo      : No LoadTimeWeaver setup: ignoring JPA class transformer
2024-01-03T22:32:13.998+05:30  INFO 18436 --- [           main] o.h.e.t.j.p.i.JtaPlatformInitiator       : HHH000489: No JTA platform available (set 'hibernate.transaction.jta.platform' to enable JTA platform integration)
2024-01-03T22:32:14.006+05:30  INFO 18436 --- [           main] j.LocalContainerEntityManagerFactoryBean : Initialized JPA EntityManagerFactory for persistence unit 'default'
2024-01-03T22:32:14.112+05:30  WARN 18436 --- [           main] JpaBaseConfiguration$JpaWebConfiguration : spring.jpa.open-in-view is enabled by default. Therefore, database queries may be performed during view rendering. Explicitly configure spring.jpa.open-in-view to disable this warning
2024-01-03T22:32:14.288+05:30  INFO 18436 --- [           main] o.s.b.t.m.w.SpringBootMockServletContext : Initializing Spring TestDispatcherServlet ''
2024-01-03T22:32:14.288+05:30  INFO 18436 --- [           main] o.s.t.web.servlet.TestDispatcherServlet  : Initializing Servlet ''
2024-01-03T22:32:14.289+05:30  INFO 18436 --- [           main] o.s.t.web.servlet.TestDispatcherServlet  : Completed initialization in 1 ms
2024-01-03T22:32:14.304+05:30  INFO 18436 --- [           main] c.s.D.c.AuthorControllerIntegrationTests : Started AuthorControllerIntegrationTests in 0.837 seconds (process running for 19.167)
2024-01-03T22:32:14.400+05:30  INFO 18436 --- [           main] j.LocalContainerEntityManagerFactoryBean : Closing JPA EntityManagerFactory for persistence unit 'default'
2024-01-03T22:32:14.403+05:30  INFO 18436 --- [           main] com.zaxxer.hikari.HikariDataSource       : HikariPool-5 - Shutdown initiated...
2024-01-03T22:32:14.405+05:30  INFO 18436 --- [           main] com.zaxxer.hikari.HikariDataSource       : HikariPool-5 - Shutdown completed.
]]></system-out>
  </testcase>
  <testcase name="testThatGetAuthorSuccessfullyReturnsHttp200WhenAuthorExists" classname="com.siddydevelops.Database.controllers.AuthorControllerIntegrationTests" time="0.033">
    <system-out><![CDATA[
  .   ____          _            __ _ _
 /\\ / ___'_ __ _ _(_)_ __  __ _ \ \ \ \
( ( )\___ | '_ | '_| | '_ \/ _` | \ \ \ \
 \\/  ___)| |_)| | | | | || (_| |  ) ) ) )
  '  |____| .__|_| |_|_| |_\__, | / / / /
 =========|_|==============|___/=/_/_/_/
 :: Spring Boot ::                (v3.2.1)

2024-01-03T22:32:14.448+05:30  INFO 18436 --- [           main] c.s.D.c.AuthorControllerIntegrationTests : Starting AuthorControllerIntegrationTests using Java 17.0.9 with PID 18436 (started by siddh in C:\Users\siddh\IdeaProjects\Database\Database - JPA)
2024-01-03T22:32:14.448+05:30  INFO 18436 --- [           main] c.s.D.c.AuthorControllerIntegrationTests : No active profile set, falling back to 1 default profile: "default"
2024-01-03T22:32:14.705+05:30  INFO 18436 --- [           main] .s.d.r.c.RepositoryConfigurationDelegate : Bootstrapping Spring Data JPA repositories in DEFAULT mode.
2024-01-03T22:32:14.726+05:30  INFO 18436 --- [           main] .s.d.r.c.RepositoryConfigurationDelegate : Finished Spring Data repository scanning in 20 ms. Found 2 JPA repository interfaces.
2024-01-03T22:32:14.844+05:30  INFO 18436 --- [           main] com.zaxxer.hikari.HikariDataSource       : HikariPool-6 - Starting...
2024-01-03T22:32:14.846+05:30  INFO 18436 --- [           main] com.zaxxer.hikari.pool.HikariPool        : HikariPool-6 - Added connection conn50: url=jdbc:h2:mem:testdb user=SA
2024-01-03T22:32:14.846+05:30  INFO 18436 --- [           main] com.zaxxer.hikari.HikariDataSource       : HikariPool-6 - Start completed.
2024-01-03T22:32:14.849+05:30  INFO 18436 --- [           main] o.hibernate.jpa.internal.util.LogHelper  : HHH000204: Processing PersistenceUnitInfo [name: default]
2024-01-03T22:32:14.857+05:30  INFO 18436 --- [           main] o.h.c.internal.RegionFactoryInitiator    : HHH000026: Second-level cache disabled
2024-01-03T22:32:14.866+05:30  INFO 18436 --- [           main] o.s.o.j.p.SpringPersistenceUnitInfo      : No LoadTimeWeaver setup: ignoring JPA class transformer
2024-01-03T22:32:14.945+05:30  INFO 18436 --- [           main] o.h.e.t.j.p.i.JtaPlatformInitiator       : HHH000489: No JTA platform available (set 'hibernate.transaction.jta.platform' to enable JTA platform integration)
2024-01-03T22:32:14.957+05:30  INFO 18436 --- [           main] j.LocalContainerEntityManagerFactoryBean : Initialized JPA EntityManagerFactory for persistence unit 'default'
2024-01-03T22:32:15.054+05:30  WARN 18436 --- [           main] JpaBaseConfiguration$JpaWebConfiguration : spring.jpa.open-in-view is enabled by default. Therefore, database queries may be performed during view rendering. Explicitly configure spring.jpa.open-in-view to disable this warning
2024-01-03T22:32:15.204+05:30  INFO 18436 --- [           main] o.s.b.t.m.w.SpringBootMockServletContext : Initializing Spring TestDispatcherServlet ''
2024-01-03T22:32:15.204+05:30  INFO 18436 --- [           main] o.s.t.web.servlet.TestDispatcherServlet  : Initializing Servlet ''
2024-01-03T22:32:15.206+05:30  INFO 18436 --- [           main] o.s.t.web.servlet.TestDispatcherServlet  : Completed initialization in 2 ms
2024-01-03T22:32:15.217+05:30  INFO 18436 --- [           main] c.s.D.c.AuthorControllerIntegrationTests : Started AuthorControllerIntegrationTests in 0.806 seconds (process running for 20.08)
2024-01-03T22:32:15.248+05:30  INFO 18436 --- [           main] j.LocalContainerEntityManagerFactoryBean : Closing JPA EntityManagerFactory for persistence unit 'default'
2024-01-03T22:32:15.250+05:30  INFO 18436 --- [           main] com.zaxxer.hikari.HikariDataSource       : HikariPool-6 - Shutdown initiated...
2024-01-03T22:32:15.252+05:30  INFO 18436 --- [           main] com.zaxxer.hikari.HikariDataSource       : HikariPool-6 - Shutdown completed.
]]></system-out>
  </testcase>
  <testcase name="testThatFullUpdateAuthorSuccessfullyReturnsHttp200WhenAuthorExists" classname="com.siddydevelops.Database.controllers.AuthorControllerIntegrationTests" time="0.039">
    <system-out><![CDATA[
  .   ____          _            __ _ _
 /\\ / ___'_ __ _ _(_)_ __  __ _ \ \ \ \
( ( )\___ | '_ | '_| | '_ \/ _` | \ \ \ \
 \\/  ___)| |_)| | | | | || (_| |  ) ) ) )
  '  |____| .__|_| |_|_| |_\__, | / / / /
 =========|_|==============|___/=/_/_/_/
 :: Spring Boot ::                (v3.2.1)

2024-01-03T22:32:15.296+05:30  INFO 18436 --- [           main] c.s.D.c.AuthorControllerIntegrationTests : Starting AuthorControllerIntegrationTests using Java 17.0.9 with PID 18436 (started by siddh in C:\Users\siddh\IdeaProjects\Database\Database - JPA)
2024-01-03T22:32:15.296+05:30  INFO 18436 --- [           main] c.s.D.c.AuthorControllerIntegrationTests : No active profile set, falling back to 1 default profile: "default"
2024-01-03T22:32:15.598+05:30  INFO 18436 --- [           main] .s.d.r.c.RepositoryConfigurationDelegate : Bootstrapping Spring Data JPA repositories in DEFAULT mode.
2024-01-03T22:32:15.625+05:30  INFO 18436 --- [           main] .s.d.r.c.RepositoryConfigurationDelegate : Finished Spring Data repository scanning in 26 ms. Found 2 JPA repository interfaces.
2024-01-03T22:32:15.722+05:30  INFO 18436 --- [           main] com.zaxxer.hikari.HikariDataSource       : HikariPool-7 - Starting...
2024-01-03T22:32:15.723+05:30  INFO 18436 --- [           main] com.zaxxer.hikari.pool.HikariPool        : HikariPool-7 - Added connection conn60: url=jdbc:h2:mem:testdb user=SA
2024-01-03T22:32:15.724+05:30  INFO 18436 --- [           main] com.zaxxer.hikari.HikariDataSource       : HikariPool-7 - Start completed.
2024-01-03T22:32:15.726+05:30  INFO 18436 --- [           main] o.hibernate.jpa.internal.util.LogHelper  : HHH000204: Processing PersistenceUnitInfo [name: default]
2024-01-03T22:32:15.734+05:30  INFO 18436 --- [           main] o.h.c.internal.RegionFactoryInitiator    : HHH000026: Second-level cache disabled
2024-01-03T22:32:15.744+05:30  INFO 18436 --- [           main] o.s.o.j.p.SpringPersistenceUnitInfo      : No LoadTimeWeaver setup: ignoring JPA class transformer
2024-01-03T22:32:15.813+05:30  INFO 18436 --- [           main] o.h.e.t.j.p.i.JtaPlatformInitiator       : HHH000489: No JTA platform available (set 'hibernate.transaction.jta.platform' to enable JTA platform integration)
2024-01-03T22:32:15.820+05:30  INFO 18436 --- [           main] j.LocalContainerEntityManagerFactoryBean : Initialized JPA EntityManagerFactory for persistence unit 'default'
2024-01-03T22:32:15.903+05:30  WARN 18436 --- [           main] JpaBaseConfiguration$JpaWebConfiguration : spring.jpa.open-in-view is enabled by default. Therefore, database queries may be performed during view rendering. Explicitly configure spring.jpa.open-in-view to disable this warning
2024-01-03T22:32:16.042+05:30  INFO 18436 --- [           main] o.s.b.t.m.w.SpringBootMockServletContext : Initializing Spring TestDispatcherServlet ''
2024-01-03T22:32:16.042+05:30  INFO 18436 --- [           main] o.s.t.web.servlet.TestDispatcherServlet  : Initializing Servlet ''
2024-01-03T22:32:16.043+05:30  INFO 18436 --- [           main] o.s.t.web.servlet.TestDispatcherServlet  : Completed initialization in 1 ms
2024-01-03T22:32:16.061+05:30  INFO 18436 --- [           main] c.s.D.c.AuthorControllerIntegrationTests : Started AuthorControllerIntegrationTests in 0.804 seconds (process running for 20.924)
2024-01-03T22:32:16.098+05:30  INFO 18436 --- [           main] j.LocalContainerEntityManagerFactoryBean : Closing JPA EntityManagerFactory for persistence unit 'default'
2024-01-03T22:32:16.101+05:30  INFO 18436 --- [           main] com.zaxxer.hikari.HikariDataSource       : HikariPool-7 - Shutdown initiated...
2024-01-03T22:32:16.103+05:30  INFO 18436 --- [           main] com.zaxxer.hikari.HikariDataSource       : HikariPool-7 - Shutdown completed.
]]></system-out>
  </testcase>
  <testcase name="testThatListAuthorSuccessfullyReturnsHttp200" classname="com.siddydevelops.Database.controllers.AuthorControllerIntegrationTests" time="0.02">
    <system-out><![CDATA[
  .   ____          _            __ _ _
 /\\ / ___'_ __ _ _(_)_ __  __ _ \ \ \ \
( ( )\___ | '_ | '_| | '_ \/ _` | \ \ \ \
 \\/  ___)| |_)| | | | | || (_| |  ) ) ) )
  '  |____| .__|_| |_|_| |_\__, | / / / /
 =========|_|==============|___/=/_/_/_/
 :: Spring Boot ::                (v3.2.1)

2024-01-03T22:32:16.145+05:30  INFO 18436 --- [           main] c.s.D.c.AuthorControllerIntegrationTests : Starting AuthorControllerIntegrationTests using Java 17.0.9 with PID 18436 (started by siddh in C:\Users\siddh\IdeaProjects\Database\Database - JPA)
2024-01-03T22:32:16.146+05:30  INFO 18436 --- [           main] c.s.D.c.AuthorControllerIntegrationTests : No active profile set, falling back to 1 default profile: "default"
2024-01-03T22:32:16.396+05:30  INFO 18436 --- [           main] .s.d.r.c.RepositoryConfigurationDelegate : Bootstrapping Spring Data JPA repositories in DEFAULT mode.
2024-01-03T22:32:16.417+05:30  INFO 18436 --- [           main] .s.d.r.c.RepositoryConfigurationDelegate : Finished Spring Data repository scanning in 20 ms. Found 2 JPA repository interfaces.
2024-01-03T22:32:16.518+05:30  INFO 18436 --- [           main] com.zaxxer.hikari.HikariDataSource       : HikariPool-8 - Starting...
2024-01-03T22:32:16.520+05:30  INFO 18436 --- [           main] com.zaxxer.hikari.pool.HikariPool        : HikariPool-8 - Added connection conn70: url=jdbc:h2:mem:testdb user=SA
2024-01-03T22:32:16.520+05:30  INFO 18436 --- [           main] com.zaxxer.hikari.HikariDataSource       : HikariPool-8 - Start completed.
2024-01-03T22:32:16.522+05:30  INFO 18436 --- [           main] o.hibernate.jpa.internal.util.LogHelper  : HHH000204: Processing PersistenceUnitInfo [name: default]
2024-01-03T22:32:16.528+05:30  INFO 18436 --- [           main] o.h.c.internal.RegionFactoryInitiator    : HHH000026: Second-level cache disabled
2024-01-03T22:32:16.537+05:30  INFO 18436 --- [           main] o.s.o.j.p.SpringPersistenceUnitInfo      : No LoadTimeWeaver setup: ignoring JPA class transformer
2024-01-03T22:32:16.602+05:30  INFO 18436 --- [           main] o.h.e.t.j.p.i.JtaPlatformInitiator       : HHH000489: No JTA platform available (set 'hibernate.transaction.jta.platform' to enable JTA platform integration)
2024-01-03T22:32:16.608+05:30  INFO 18436 --- [           main] j.LocalContainerEntityManagerFactoryBean : Initialized JPA EntityManagerFactory for persistence unit 'default'
2024-01-03T22:32:16.699+05:30  WARN 18436 --- [           main] JpaBaseConfiguration$JpaWebConfiguration : spring.jpa.open-in-view is enabled by default. Therefore, database queries may be performed during view rendering. Explicitly configure spring.jpa.open-in-view to disable this warning
2024-01-03T22:32:16.856+05:30  INFO 18436 --- [           main] o.s.b.t.m.w.SpringBootMockServletContext : Initializing Spring TestDispatcherServlet ''
2024-01-03T22:32:16.856+05:30  INFO 18436 --- [           main] o.s.t.web.servlet.TestDispatcherServlet  : Initializing Servlet ''
2024-01-03T22:32:16.857+05:30  INFO 18436 --- [           main] o.s.t.web.servlet.TestDispatcherServlet  : Completed initialization in 1 ms
2024-01-03T22:32:16.866+05:30  INFO 18436 --- [           main] c.s.D.c.AuthorControllerIntegrationTests : Started AuthorControllerIntegrationTests in 0.759 seconds (process running for 21.729)
2024-01-03T22:32:16.886+05:30  INFO 18436 --- [           main] j.LocalContainerEntityManagerFactoryBean : Closing JPA EntityManagerFactory for persistence unit 'default'
2024-01-03T22:32:16.889+05:30  INFO 18436 --- [           main] com.zaxxer.hikari.HikariDataSource       : HikariPool-8 - Shutdown initiated...
2024-01-03T22:32:16.890+05:30  INFO 18436 --- [           main] com.zaxxer.hikari.HikariDataSource       : HikariPool-8 - Shutdown completed.
]]></system-out>
  </testcase>
  <testcase name="testThatGetAuthorSuccessfullyReturnsHttp404WhenAuthorDoesNotExists" classname="com.siddydevelops.Database.controllers.AuthorControllerIntegrationTests" time="0.019">
    <system-out><![CDATA[
  .   ____          _            __ _ _
 /\\ / ___'_ __ _ _(_)_ __  __ _ \ \ \ \
( ( )\___ | '_ | '_| | '_ \/ _` | \ \ \ \
 \\/  ___)| |_)| | | | | || (_| |  ) ) ) )
  '  |____| .__|_| |_|_| |_\__, | / / / /
 =========|_|==============|___/=/_/_/_/
 :: Spring Boot ::                (v3.2.1)

2024-01-03T22:32:16.928+05:30  INFO 18436 --- [           main] c.s.D.c.AuthorControllerIntegrationTests : Starting AuthorControllerIntegrationTests using Java 17.0.9 with PID 18436 (started by siddh in C:\Users\siddh\IdeaProjects\Database\Database - JPA)
2024-01-03T22:32:16.928+05:30  INFO 18436 --- [           main] c.s.D.c.AuthorControllerIntegrationTests : No active profile set, falling back to 1 default profile: "default"
2024-01-03T22:32:17.183+05:30  INFO 18436 --- [           main] .s.d.r.c.RepositoryConfigurationDelegate : Bootstrapping Spring Data JPA repositories in DEFAULT mode.
2024-01-03T22:32:17.201+05:30  INFO 18436 --- [           main] .s.d.r.c.RepositoryConfigurationDelegate : Finished Spring Data repository scanning in 18 ms. Found 2 JPA repository interfaces.
2024-01-03T22:32:17.287+05:30  INFO 18436 --- [           main] com.zaxxer.hikari.HikariDataSource       : HikariPool-9 - Starting...
2024-01-03T22:32:17.288+05:30  INFO 18436 --- [           main] com.zaxxer.hikari.pool.HikariPool        : HikariPool-9 - Added connection conn80: url=jdbc:h2:mem:testdb user=SA
2024-01-03T22:32:17.288+05:30  INFO 18436 --- [           main] com.zaxxer.hikari.HikariDataSource       : HikariPool-9 - Start completed.
2024-01-03T22:32:17.290+05:30  INFO 18436 --- [           main] o.hibernate.jpa.internal.util.LogHelper  : HHH000204: Processing PersistenceUnitInfo [name: default]
2024-01-03T22:32:17.297+05:30  INFO 18436 --- [           main] o.h.c.internal.RegionFactoryInitiator    : HHH000026: Second-level cache disabled
2024-01-03T22:32:17.304+05:30  INFO 18436 --- [           main] o.s.o.j.p.SpringPersistenceUnitInfo      : No LoadTimeWeaver setup: ignoring JPA class transformer
2024-01-03T22:32:17.367+05:30  INFO 18436 --- [           main] o.h.e.t.j.p.i.JtaPlatformInitiator       : HHH000489: No JTA platform available (set 'hibernate.transaction.jta.platform' to enable JTA platform integration)
2024-01-03T22:32:17.372+05:30  INFO 18436 --- [           main] j.LocalContainerEntityManagerFactoryBean : Initialized JPA EntityManagerFactory for persistence unit 'default'
2024-01-03T22:32:17.445+05:30  WARN 18436 --- [           main] JpaBaseConfiguration$JpaWebConfiguration : spring.jpa.open-in-view is enabled by default. Therefore, database queries may be performed during view rendering. Explicitly configure spring.jpa.open-in-view to disable this warning
2024-01-03T22:32:17.570+05:30  INFO 18436 --- [           main] o.s.b.t.m.w.SpringBootMockServletContext : Initializing Spring TestDispatcherServlet ''
2024-01-03T22:32:17.570+05:30  INFO 18436 --- [           main] o.s.t.web.servlet.TestDispatcherServlet  : Initializing Servlet ''
2024-01-03T22:32:17.571+05:30  INFO 18436 --- [           main] o.s.t.web.servlet.TestDispatcherServlet  : Completed initialization in 1 ms
2024-01-03T22:32:17.584+05:30  INFO 18436 --- [           main] c.s.D.c.AuthorControllerIntegrationTests : Started AuthorControllerIntegrationTests in 0.69 seconds (process running for 22.447)
2024-01-03T22:32:17.602+05:30  INFO 18436 --- [           main] j.LocalContainerEntityManagerFactoryBean : Closing JPA EntityManagerFactory for persistence unit 'default'
2024-01-03T22:32:17.605+05:30  INFO 18436 --- [           main] com.zaxxer.hikari.HikariDataSource       : HikariPool-9 - Shutdown initiated...
2024-01-03T22:32:17.606+05:30  INFO 18436 --- [           main] com.zaxxer.hikari.HikariDataSource       : HikariPool-9 - Shutdown completed.
]]></system-out>
  </testcase>
  <testcase name="testThatCreateAuthorSuccessfullyReturnsSavedAuthor" classname="com.siddydevelops.Database.controllers.AuthorControllerIntegrationTests" time="0.052">
    <system-out><![CDATA[
  .   ____          _            __ _ _
 /\\ / ___'_ __ _ _(_)_ __  __ _ \ \ \ \
( ( )\___ | '_ | '_| | '_ \/ _` | \ \ \ \
 \\/  ___)| |_)| | | | | || (_| |  ) ) ) )
  '  |____| .__|_| |_|_| |_\__, | / / / /
 =========|_|==============|___/=/_/_/_/
 :: Spring Boot ::                (v3.2.1)

2024-01-03T22:32:17.656+05:30  INFO 18436 --- [           main] c.s.D.c.AuthorControllerIntegrationTests : Starting AuthorControllerIntegrationTests using Java 17.0.9 with PID 18436 (started by siddh in C:\Users\siddh\IdeaProjects\Database\Database - JPA)
2024-01-03T22:32:17.656+05:30  INFO 18436 --- [           main] c.s.D.c.AuthorControllerIntegrationTests : No active profile set, falling back to 1 default profile: "default"
2024-01-03T22:32:17.894+05:30  INFO 18436 --- [           main] .s.d.r.c.RepositoryConfigurationDelegate : Bootstrapping Spring Data JPA repositories in DEFAULT mode.
2024-01-03T22:32:17.919+05:30  INFO 18436 --- [           main] .s.d.r.c.RepositoryConfigurationDelegate : Finished Spring Data repository scanning in 24 ms. Found 2 JPA repository interfaces.
2024-01-03T22:32:18.023+05:30  INFO 18436 --- [           main] com.zaxxer.hikari.HikariDataSource       : HikariPool-10 - Starting...
2024-01-03T22:32:18.025+05:30  INFO 18436 --- [           main] com.zaxxer.hikari.pool.HikariPool        : HikariPool-10 - Added connection conn90: url=jdbc:h2:mem:testdb user=SA
2024-01-03T22:32:18.025+05:30  INFO 18436 --- [           main] com.zaxxer.hikari.HikariDataSource       : HikariPool-10 - Start completed.
2024-01-03T22:32:18.028+05:30  INFO 18436 --- [           main] o.hibernate.jpa.internal.util.LogHelper  : HHH000204: Processing PersistenceUnitInfo [name: default]
2024-01-03T22:32:18.035+05:30  INFO 18436 --- [           main] o.h.c.internal.RegionFactoryInitiator    : HHH000026: Second-level cache disabled
2024-01-03T22:32:18.048+05:30  INFO 18436 --- [           main] o.s.o.j.p.SpringPersistenceUnitInfo      : No LoadTimeWeaver setup: ignoring JPA class transformer
2024-01-03T22:32:18.151+05:30  INFO 18436 --- [           main] o.h.e.t.j.p.i.JtaPlatformInitiator       : HHH000489: No JTA platform available (set 'hibernate.transaction.jta.platform' to enable JTA platform integration)
2024-01-03T22:32:18.161+05:30  INFO 18436 --- [           main] j.LocalContainerEntityManagerFactoryBean : Initialized JPA EntityManagerFactory for persistence unit 'default'
2024-01-03T22:32:18.365+05:30  WARN 18436 --- [           main] JpaBaseConfiguration$JpaWebConfiguration : spring.jpa.open-in-view is enabled by default. Therefore, database queries may be performed during view rendering. Explicitly configure spring.jpa.open-in-view to disable this warning
2024-01-03T22:32:18.637+05:30  INFO 18436 --- [           main] o.s.b.t.m.w.SpringBootMockServletContext : Initializing Spring TestDispatcherServlet ''
2024-01-03T22:32:18.638+05:30  INFO 18436 --- [           main] o.s.t.web.servlet.TestDispatcherServlet  : Initializing Servlet ''
2024-01-03T22:32:18.640+05:30  INFO 18436 --- [           main] o.s.t.web.servlet.TestDispatcherServlet  : Completed initialization in 2 ms
2024-01-03T22:32:18.658+05:30  INFO 18436 --- [           main] c.s.D.c.AuthorControllerIntegrationTests : Started AuthorControllerIntegrationTests in 1.046 seconds (process running for 23.522)
2024-01-03T22:32:18.710+05:30  INFO 18436 --- [           main] j.LocalContainerEntityManagerFactoryBean : Closing JPA EntityManagerFactory for persistence unit 'default'
2024-01-03T22:32:18.715+05:30  INFO 18436 --- [           main] com.zaxxer.hikari.HikariDataSource       : HikariPool-10 - Shutdown initiated...
2024-01-03T22:32:18.718+05:30  INFO 18436 --- [           main] com.zaxxer.hikari.HikariDataSource       : HikariPool-10 - Shutdown completed.
]]></system-out>
  </testcase>
  <testcase name="testThatGetAuthorWhenAuthorExists" classname="com.siddydevelops.Database.controllers.AuthorControllerIntegrationTests" time="0.03">
    <system-out><![CDATA[
  .   ____          _            __ _ _
 /\\ / ___'_ __ _ _(_)_ __  __ _ \ \ \ \
( ( )\___ | '_ | '_| | '_ \/ _` | \ \ \ \
 \\/  ___)| |_)| | | | | || (_| |  ) ) ) )
  '  |____| .__|_| |_|_| |_\__, | / / / /
 =========|_|==============|___/=/_/_/_/
 :: Spring Boot ::                (v3.2.1)

2024-01-03T22:32:18.808+05:30  INFO 18436 --- [           main] c.s.D.c.AuthorControllerIntegrationTests : Starting AuthorControllerIntegrationTests using Java 17.0.9 with PID 18436 (started by siddh in C:\Users\siddh\IdeaProjects\Database\Database - JPA)
2024-01-03T22:32:18.809+05:30  INFO 18436 --- [           main] c.s.D.c.AuthorControllerIntegrationTests : No active profile set, falling back to 1 default profile: "default"
2024-01-03T22:32:19.096+05:30  INFO 18436 --- [           main] .s.d.r.c.RepositoryConfigurationDelegate : Bootstrapping Spring Data JPA repositories in DEFAULT mode.
2024-01-03T22:32:19.115+05:30  INFO 18436 --- [           main] .s.d.r.c.RepositoryConfigurationDelegate : Finished Spring Data repository scanning in 19 ms. Found 2 JPA repository interfaces.
2024-01-03T22:32:19.212+05:30  INFO 18436 --- [           main] com.zaxxer.hikari.HikariDataSource       : HikariPool-11 - Starting...
2024-01-03T22:32:19.214+05:30  INFO 18436 --- [           main] com.zaxxer.hikari.pool.HikariPool        : HikariPool-11 - Added connection conn100: url=jdbc:h2:mem:testdb user=SA
2024-01-03T22:32:19.215+05:30  INFO 18436 --- [           main] com.zaxxer.hikari.HikariDataSource       : HikariPool-11 - Start completed.
2024-01-03T22:32:19.217+05:30  INFO 18436 --- [           main] o.hibernate.jpa.internal.util.LogHelper  : HHH000204: Processing PersistenceUnitInfo [name: default]
2024-01-03T22:32:19.223+05:30  INFO 18436 --- [           main] o.h.c.internal.RegionFactoryInitiator    : HHH000026: Second-level cache disabled
2024-01-03T22:32:19.233+05:30  INFO 18436 --- [           main] o.s.o.j.p.SpringPersistenceUnitInfo      : No LoadTimeWeaver setup: ignoring JPA class transformer
2024-01-03T22:32:19.297+05:30  INFO 18436 --- [           main] o.h.e.t.j.p.i.JtaPlatformInitiator       : HHH000489: No JTA platform available (set 'hibernate.transaction.jta.platform' to enable JTA platform integration)
2024-01-03T22:32:19.303+05:30  INFO 18436 --- [           main] j.LocalContainerEntityManagerFactoryBean : Initialized JPA EntityManagerFactory for persistence unit 'default'
2024-01-03T22:32:19.381+05:30  WARN 18436 --- [           main] JpaBaseConfiguration$JpaWebConfiguration : spring.jpa.open-in-view is enabled by default. Therefore, database queries may be performed during view rendering. Explicitly configure spring.jpa.open-in-view to disable this warning
2024-01-03T22:32:19.504+05:30  INFO 18436 --- [           main] o.s.b.t.m.w.SpringBootMockServletContext : Initializing Spring TestDispatcherServlet ''
2024-01-03T22:32:19.504+05:30  INFO 18436 --- [           main] o.s.t.web.servlet.TestDispatcherServlet  : Initializing Servlet ''
2024-01-03T22:32:19.505+05:30  INFO 18436 --- [           main] o.s.t.web.servlet.TestDispatcherServlet  : Completed initialization in 1 ms
2024-01-03T22:32:19.521+05:30  INFO 18436 --- [           main] c.s.D.c.AuthorControllerIntegrationTests : Started AuthorControllerIntegrationTests in 0.798 seconds (process running for 24.385)
2024-01-03T22:32:19.551+05:30  INFO 18436 --- [           main] j.LocalContainerEntityManagerFactoryBean : Closing JPA EntityManagerFactory for persistence unit 'default'
2024-01-03T22:32:19.553+05:30  INFO 18436 --- [           main] com.zaxxer.hikari.HikariDataSource       : HikariPool-11 - Shutdown initiated...
2024-01-03T22:32:19.554+05:30  INFO 18436 --- [           main] com.zaxxer.hikari.HikariDataSource       : HikariPool-11 - Shutdown completed.
]]></system-out>
  </testcase>
</testsuite>